[2022-03-21 21:43:24,778] {processor.py:163} INFO - Started process (PID=39) to work on /opt/airflow/dags/data_ingestion_gcs_dag.py
[2022-03-21 21:43:24,781] {processor.py:642} INFO - Processing file /opt/airflow/dags/data_ingestion_gcs_dag.py for tasks to queue
[2022-03-21 21:43:24,783] {logging_mixin.py:109} INFO - [2022-03-21 21:43:24,783] {dagbag.py:500} INFO - Filling up the DagBag from /opt/airflow/dags/data_ingestion_gcs_dag.py
[2022-03-21 21:43:28,649] {processor.py:654} INFO - DAG(s) dict_keys(['data_ingestion_gcs_dag']) retrieved from /opt/airflow/dags/data_ingestion_gcs_dag.py
[2022-03-21 21:43:30,697] {logging_mixin.py:109} INFO - [2022-03-21 21:43:30,696] {dag.py:2396} INFO - Sync 1 DAGs
[2022-03-21 21:43:30,743] {logging_mixin.py:109} INFO - [2022-03-21 21:43:30,743] {dag.py:2935} INFO - Setting next_dagrun for data_ingestion_gcs_dag to 2022-03-21T00:00:00+00:00
[2022-03-21 21:43:30,800] {processor.py:171} INFO - Processing /opt/airflow/dags/data_ingestion_gcs_dag.py took 6.034 seconds
[2022-03-21 21:44:00,968] {processor.py:163} INFO - Started process (PID=73) to work on /opt/airflow/dags/data_ingestion_gcs_dag.py
[2022-03-21 21:44:00,976] {processor.py:642} INFO - Processing file /opt/airflow/dags/data_ingestion_gcs_dag.py for tasks to queue
[2022-03-21 21:44:00,977] {logging_mixin.py:109} INFO - [2022-03-21 21:44:00,977] {dagbag.py:500} INFO - Filling up the DagBag from /opt/airflow/dags/data_ingestion_gcs_dag.py
[2022-03-21 21:44:01,869] {processor.py:654} INFO - DAG(s) dict_keys(['data_ingestion_gcs_dag']) retrieved from /opt/airflow/dags/data_ingestion_gcs_dag.py
[2022-03-21 21:44:01,880] {logging_mixin.py:109} INFO - [2022-03-21 21:44:01,879] {dag.py:2396} INFO - Sync 1 DAGs
[2022-03-21 21:44:01,898] {logging_mixin.py:109} INFO - [2022-03-21 21:44:01,898] {dag.py:2935} INFO - Setting next_dagrun for data_ingestion_gcs_dag to 2022-03-21T00:00:00+00:00
[2022-03-21 21:44:01,910] {processor.py:171} INFO - Processing /opt/airflow/dags/data_ingestion_gcs_dag.py took 0.946 seconds
[2022-03-21 21:44:32,023] {processor.py:163} INFO - Started process (PID=96) to work on /opt/airflow/dags/data_ingestion_gcs_dag.py
[2022-03-21 21:44:32,025] {processor.py:642} INFO - Processing file /opt/airflow/dags/data_ingestion_gcs_dag.py for tasks to queue
[2022-03-21 21:44:32,026] {logging_mixin.py:109} INFO - [2022-03-21 21:44:32,026] {dagbag.py:500} INFO - Filling up the DagBag from /opt/airflow/dags/data_ingestion_gcs_dag.py
[2022-03-21 21:44:32,928] {processor.py:654} INFO - DAG(s) dict_keys(['data_ingestion_gcs_dag']) retrieved from /opt/airflow/dags/data_ingestion_gcs_dag.py
[2022-03-21 21:44:32,937] {logging_mixin.py:109} INFO - [2022-03-21 21:44:32,937] {dag.py:2396} INFO - Sync 1 DAGs
[2022-03-21 21:44:32,956] {logging_mixin.py:109} INFO - [2022-03-21 21:44:32,956] {dag.py:2935} INFO - Setting next_dagrun for data_ingestion_gcs_dag to 2022-03-21T00:00:00+00:00
[2022-03-21 21:44:32,967] {processor.py:171} INFO - Processing /opt/airflow/dags/data_ingestion_gcs_dag.py took 0.950 seconds
[2022-03-21 21:45:03,071] {processor.py:163} INFO - Started process (PID=131) to work on /opt/airflow/dags/data_ingestion_gcs_dag.py
[2022-03-21 21:45:03,073] {processor.py:642} INFO - Processing file /opt/airflow/dags/data_ingestion_gcs_dag.py for tasks to queue
[2022-03-21 21:45:03,074] {logging_mixin.py:109} INFO - [2022-03-21 21:45:03,074] {dagbag.py:500} INFO - Filling up the DagBag from /opt/airflow/dags/data_ingestion_gcs_dag.py
[2022-03-21 21:45:03,931] {processor.py:654} INFO - DAG(s) dict_keys(['data_ingestion_gcs_dag']) retrieved from /opt/airflow/dags/data_ingestion_gcs_dag.py
[2022-03-21 21:45:03,942] {logging_mixin.py:109} INFO - [2022-03-21 21:45:03,941] {dag.py:2396} INFO - Sync 1 DAGs
[2022-03-21 21:45:03,965] {logging_mixin.py:109} INFO - [2022-03-21 21:45:03,965] {dag.py:2935} INFO - Setting next_dagrun for data_ingestion_gcs_dag to 2022-03-21T00:00:00+00:00
[2022-03-21 21:45:03,980] {processor.py:171} INFO - Processing /opt/airflow/dags/data_ingestion_gcs_dag.py took 0.913 seconds
[2022-03-21 21:45:34,084] {processor.py:163} INFO - Started process (PID=155) to work on /opt/airflow/dags/data_ingestion_gcs_dag.py
[2022-03-21 21:45:34,085] {processor.py:642} INFO - Processing file /opt/airflow/dags/data_ingestion_gcs_dag.py for tasks to queue
[2022-03-21 21:45:34,086] {logging_mixin.py:109} INFO - [2022-03-21 21:45:34,086] {dagbag.py:500} INFO - Filling up the DagBag from /opt/airflow/dags/data_ingestion_gcs_dag.py
[2022-03-21 21:45:35,115] {processor.py:654} INFO - DAG(s) dict_keys(['data_ingestion_gcs_dag']) retrieved from /opt/airflow/dags/data_ingestion_gcs_dag.py
[2022-03-21 21:45:35,129] {logging_mixin.py:109} INFO - [2022-03-21 21:45:35,129] {dag.py:2396} INFO - Sync 1 DAGs
[2022-03-21 21:45:35,156] {logging_mixin.py:109} INFO - [2022-03-21 21:45:35,156] {dag.py:2935} INFO - Setting next_dagrun for data_ingestion_gcs_dag to 2022-03-21T00:00:00+00:00
[2022-03-21 21:45:35,170] {processor.py:171} INFO - Processing /opt/airflow/dags/data_ingestion_gcs_dag.py took 1.091 seconds
[2022-03-21 21:46:05,252] {processor.py:163} INFO - Started process (PID=190) to work on /opt/airflow/dags/data_ingestion_gcs_dag.py
[2022-03-21 21:46:05,257] {processor.py:642} INFO - Processing file /opt/airflow/dags/data_ingestion_gcs_dag.py for tasks to queue
[2022-03-21 21:46:05,258] {logging_mixin.py:109} INFO - [2022-03-21 21:46:05,258] {dagbag.py:500} INFO - Filling up the DagBag from /opt/airflow/dags/data_ingestion_gcs_dag.py
[2022-03-21 21:46:06,213] {processor.py:654} INFO - DAG(s) dict_keys(['data_ingestion_gcs_dag']) retrieved from /opt/airflow/dags/data_ingestion_gcs_dag.py
[2022-03-21 21:46:06,223] {logging_mixin.py:109} INFO - [2022-03-21 21:46:06,223] {dag.py:2396} INFO - Sync 1 DAGs
[2022-03-21 21:46:06,242] {logging_mixin.py:109} INFO - [2022-03-21 21:46:06,242] {dag.py:2935} INFO - Setting next_dagrun for data_ingestion_gcs_dag to 2022-03-21T00:00:00+00:00
[2022-03-21 21:46:06,253] {processor.py:171} INFO - Processing /opt/airflow/dags/data_ingestion_gcs_dag.py took 1.005 seconds
[2022-03-21 21:46:36,362] {processor.py:163} INFO - Started process (PID=217) to work on /opt/airflow/dags/data_ingestion_gcs_dag.py
[2022-03-21 21:46:36,363] {processor.py:642} INFO - Processing file /opt/airflow/dags/data_ingestion_gcs_dag.py for tasks to queue
[2022-03-21 21:46:36,364] {logging_mixin.py:109} INFO - [2022-03-21 21:46:36,364] {dagbag.py:500} INFO - Filling up the DagBag from /opt/airflow/dags/data_ingestion_gcs_dag.py
[2022-03-21 21:46:37,323] {processor.py:654} INFO - DAG(s) dict_keys(['data_ingestion_gcs_dag']) retrieved from /opt/airflow/dags/data_ingestion_gcs_dag.py
[2022-03-21 21:46:37,338] {logging_mixin.py:109} INFO - [2022-03-21 21:46:37,337] {dag.py:2396} INFO - Sync 1 DAGs
[2022-03-21 21:46:37,358] {logging_mixin.py:109} INFO - [2022-03-21 21:46:37,358] {dag.py:2935} INFO - Setting next_dagrun for data_ingestion_gcs_dag to 2022-03-21T00:00:00+00:00
[2022-03-21 21:46:37,369] {processor.py:171} INFO - Processing /opt/airflow/dags/data_ingestion_gcs_dag.py took 1.012 seconds
[2022-03-21 21:49:47,676] {processor.py:163} INFO - Started process (PID=37) to work on /opt/airflow/dags/data_ingestion_gcs_dag.py
[2022-03-21 21:49:47,679] {processor.py:642} INFO - Processing file /opt/airflow/dags/data_ingestion_gcs_dag.py for tasks to queue
[2022-03-21 21:49:47,680] {logging_mixin.py:109} INFO - [2022-03-21 21:49:47,679] {dagbag.py:500} INFO - Filling up the DagBag from /opt/airflow/dags/data_ingestion_gcs_dag.py
[2022-03-21 21:49:50,673] {processor.py:654} INFO - DAG(s) dict_keys(['data_ingestion_gcs_dag']) retrieved from /opt/airflow/dags/data_ingestion_gcs_dag.py
[2022-03-21 21:49:59,840] {logging_mixin.py:109} INFO - [2022-03-21 21:49:59,840] {manager.py:496} INFO - Created Permission View: can edit on DAG:data_ingestion_gcs_dag
[2022-03-21 21:49:59,852] {logging_mixin.py:109} INFO - [2022-03-21 21:49:59,852] {manager.py:496} INFO - Created Permission View: can read on DAG:data_ingestion_gcs_dag
[2022-03-21 21:49:59,853] {logging_mixin.py:109} INFO - [2022-03-21 21:49:59,852] {dag.py:2396} INFO - Sync 1 DAGs
[2022-03-21 21:49:59,870] {logging_mixin.py:109} INFO - [2022-03-21 21:49:59,869] {dag.py:2415} INFO - Creating ORM DAG for data_ingestion_gcs_dag
[2022-03-21 21:49:59,884] {logging_mixin.py:109} INFO - [2022-03-21 21:49:59,884] {dag.py:2935} INFO - Setting next_dagrun for data_ingestion_gcs_dag to 2022-03-20 00:00:00+00:00
[2022-03-21 21:49:59,905] {processor.py:171} INFO - Processing /opt/airflow/dags/data_ingestion_gcs_dag.py took 12.251 seconds
[2022-03-21 21:50:30,002] {processor.py:163} INFO - Started process (PID=71) to work on /opt/airflow/dags/data_ingestion_gcs_dag.py
[2022-03-21 21:50:30,005] {processor.py:642} INFO - Processing file /opt/airflow/dags/data_ingestion_gcs_dag.py for tasks to queue
[2022-03-21 21:50:30,006] {logging_mixin.py:109} INFO - [2022-03-21 21:50:30,006] {dagbag.py:500} INFO - Filling up the DagBag from /opt/airflow/dags/data_ingestion_gcs_dag.py
[2022-03-21 21:50:31,180] {processor.py:654} INFO - DAG(s) dict_keys(['data_ingestion_gcs_dag']) retrieved from /opt/airflow/dags/data_ingestion_gcs_dag.py
[2022-03-21 21:50:31,192] {logging_mixin.py:109} INFO - [2022-03-21 21:50:31,191] {dag.py:2396} INFO - Sync 1 DAGs
[2022-03-21 21:50:31,210] {logging_mixin.py:109} INFO - [2022-03-21 21:50:31,210] {dag.py:2935} INFO - Setting next_dagrun for data_ingestion_gcs_dag to 2022-03-20 00:00:00+00:00
[2022-03-21 21:50:31,221] {processor.py:171} INFO - Processing /opt/airflow/dags/data_ingestion_gcs_dag.py took 1.224 seconds
[2022-03-21 21:51:01,303] {processor.py:163} INFO - Started process (PID=95) to work on /opt/airflow/dags/data_ingestion_gcs_dag.py
[2022-03-21 21:51:01,304] {processor.py:642} INFO - Processing file /opt/airflow/dags/data_ingestion_gcs_dag.py for tasks to queue
[2022-03-21 21:51:01,305] {logging_mixin.py:109} INFO - [2022-03-21 21:51:01,305] {dagbag.py:500} INFO - Filling up the DagBag from /opt/airflow/dags/data_ingestion_gcs_dag.py
[2022-03-21 21:51:02,181] {processor.py:654} INFO - DAG(s) dict_keys(['data_ingestion_gcs_dag']) retrieved from /opt/airflow/dags/data_ingestion_gcs_dag.py
[2022-03-21 21:51:02,191] {logging_mixin.py:109} INFO - [2022-03-21 21:51:02,190] {dag.py:2396} INFO - Sync 1 DAGs
[2022-03-21 21:51:02,209] {logging_mixin.py:109} INFO - [2022-03-21 21:51:02,209] {dag.py:2935} INFO - Setting next_dagrun for data_ingestion_gcs_dag to 2022-03-20 00:00:00+00:00
[2022-03-21 21:51:02,220] {processor.py:171} INFO - Processing /opt/airflow/dags/data_ingestion_gcs_dag.py took 0.922 seconds
[2022-03-21 21:51:32,316] {processor.py:163} INFO - Started process (PID=130) to work on /opt/airflow/dags/data_ingestion_gcs_dag.py
[2022-03-21 21:51:32,319] {processor.py:642} INFO - Processing file /opt/airflow/dags/data_ingestion_gcs_dag.py for tasks to queue
[2022-03-21 21:51:32,321] {logging_mixin.py:109} INFO - [2022-03-21 21:51:32,320] {dagbag.py:500} INFO - Filling up the DagBag from /opt/airflow/dags/data_ingestion_gcs_dag.py
[2022-03-21 21:51:33,418] {processor.py:654} INFO - DAG(s) dict_keys(['data_ingestion_gcs_dag']) retrieved from /opt/airflow/dags/data_ingestion_gcs_dag.py
[2022-03-21 21:51:33,430] {logging_mixin.py:109} INFO - [2022-03-21 21:51:33,430] {dag.py:2396} INFO - Sync 1 DAGs
[2022-03-21 21:51:33,455] {logging_mixin.py:109} INFO - [2022-03-21 21:51:33,455] {dag.py:2935} INFO - Setting next_dagrun for data_ingestion_gcs_dag to 2022-03-20 00:00:00+00:00
[2022-03-21 21:51:33,470] {processor.py:171} INFO - Processing /opt/airflow/dags/data_ingestion_gcs_dag.py took 1.160 seconds
[2022-03-21 21:52:03,569] {processor.py:163} INFO - Started process (PID=155) to work on /opt/airflow/dags/data_ingestion_gcs_dag.py
[2022-03-21 21:52:03,570] {processor.py:642} INFO - Processing file /opt/airflow/dags/data_ingestion_gcs_dag.py for tasks to queue
[2022-03-21 21:52:03,572] {logging_mixin.py:109} INFO - [2022-03-21 21:52:03,571] {dagbag.py:500} INFO - Filling up the DagBag from /opt/airflow/dags/data_ingestion_gcs_dag.py
[2022-03-21 21:52:04,581] {processor.py:654} INFO - DAG(s) dict_keys(['data_ingestion_gcs_dag']) retrieved from /opt/airflow/dags/data_ingestion_gcs_dag.py
[2022-03-21 21:52:04,595] {logging_mixin.py:109} INFO - [2022-03-21 21:52:04,594] {dag.py:2396} INFO - Sync 1 DAGs
[2022-03-21 21:52:04,616] {logging_mixin.py:109} INFO - [2022-03-21 21:52:04,616] {dag.py:2935} INFO - Setting next_dagrun for data_ingestion_gcs_dag to 2022-03-20 00:00:00+00:00
[2022-03-21 21:52:04,626] {processor.py:171} INFO - Processing /opt/airflow/dags/data_ingestion_gcs_dag.py took 1.062 seconds
[2022-03-21 21:52:34,683] {processor.py:163} INFO - Started process (PID=190) to work on /opt/airflow/dags/data_ingestion_gcs_dag.py
[2022-03-21 21:52:34,685] {processor.py:642} INFO - Processing file /opt/airflow/dags/data_ingestion_gcs_dag.py for tasks to queue
[2022-03-21 21:52:34,686] {logging_mixin.py:109} INFO - [2022-03-21 21:52:34,686] {dagbag.py:500} INFO - Filling up the DagBag from /opt/airflow/dags/data_ingestion_gcs_dag.py
[2022-03-21 21:52:35,623] {processor.py:654} INFO - DAG(s) dict_keys(['data_ingestion_gcs_dag']) retrieved from /opt/airflow/dags/data_ingestion_gcs_dag.py
[2022-03-21 21:52:35,634] {logging_mixin.py:109} INFO - [2022-03-21 21:52:35,634] {dag.py:2396} INFO - Sync 1 DAGs
[2022-03-21 21:52:35,652] {logging_mixin.py:109} INFO - [2022-03-21 21:52:35,651] {dag.py:2935} INFO - Setting next_dagrun for data_ingestion_gcs_dag to 2022-03-20 00:00:00+00:00
[2022-03-21 21:52:35,663] {processor.py:171} INFO - Processing /opt/airflow/dags/data_ingestion_gcs_dag.py took 0.984 seconds
[2022-03-21 21:53:05,786] {processor.py:163} INFO - Started process (PID=215) to work on /opt/airflow/dags/data_ingestion_gcs_dag.py
[2022-03-21 21:53:05,789] {processor.py:642} INFO - Processing file /opt/airflow/dags/data_ingestion_gcs_dag.py for tasks to queue
[2022-03-21 21:53:05,791] {logging_mixin.py:109} INFO - [2022-03-21 21:53:05,790] {dagbag.py:500} INFO - Filling up the DagBag from /opt/airflow/dags/data_ingestion_gcs_dag.py
[2022-03-21 21:53:06,938] {processor.py:654} INFO - DAG(s) dict_keys(['data_ingestion_gcs_dag']) retrieved from /opt/airflow/dags/data_ingestion_gcs_dag.py
[2022-03-21 21:53:06,955] {logging_mixin.py:109} INFO - [2022-03-21 21:53:06,955] {dag.py:2396} INFO - Sync 1 DAGs
[2022-03-21 21:53:06,977] {logging_mixin.py:109} INFO - [2022-03-21 21:53:06,977] {dag.py:2935} INFO - Setting next_dagrun for data_ingestion_gcs_dag to 2022-03-20 00:00:00+00:00
[2022-03-21 21:53:06,993] {processor.py:171} INFO - Processing /opt/airflow/dags/data_ingestion_gcs_dag.py took 1.212 seconds
[2022-03-21 21:53:37,080] {processor.py:163} INFO - Started process (PID=248) to work on /opt/airflow/dags/data_ingestion_gcs_dag.py
[2022-03-21 21:53:37,084] {processor.py:642} INFO - Processing file /opt/airflow/dags/data_ingestion_gcs_dag.py for tasks to queue
[2022-03-21 21:53:37,085] {logging_mixin.py:109} INFO - [2022-03-21 21:53:37,084] {dagbag.py:500} INFO - Filling up the DagBag from /opt/airflow/dags/data_ingestion_gcs_dag.py
[2022-03-21 21:53:37,966] {processor.py:654} INFO - DAG(s) dict_keys(['data_ingestion_gcs_dag']) retrieved from /opt/airflow/dags/data_ingestion_gcs_dag.py
[2022-03-21 21:53:37,979] {logging_mixin.py:109} INFO - [2022-03-21 21:53:37,978] {dag.py:2396} INFO - Sync 1 DAGs
[2022-03-21 21:53:38,006] {processor.py:171} INFO - Processing /opt/airflow/dags/data_ingestion_gcs_dag.py took 0.931 seconds
[2022-03-21 21:54:08,085] {processor.py:163} INFO - Started process (PID=272) to work on /opt/airflow/dags/data_ingestion_gcs_dag.py
[2022-03-21 21:54:08,090] {processor.py:642} INFO - Processing file /opt/airflow/dags/data_ingestion_gcs_dag.py for tasks to queue
[2022-03-21 21:54:08,091] {logging_mixin.py:109} INFO - [2022-03-21 21:54:08,091] {dagbag.py:500} INFO - Filling up the DagBag from /opt/airflow/dags/data_ingestion_gcs_dag.py
[2022-03-21 21:54:08,946] {processor.py:654} INFO - DAG(s) dict_keys(['data_ingestion_gcs_dag']) retrieved from /opt/airflow/dags/data_ingestion_gcs_dag.py
[2022-03-21 21:54:08,956] {logging_mixin.py:109} INFO - [2022-03-21 21:54:08,956] {dag.py:2396} INFO - Sync 1 DAGs
[2022-03-21 21:54:08,987] {processor.py:171} INFO - Processing /opt/airflow/dags/data_ingestion_gcs_dag.py took 0.907 seconds
[2022-03-21 21:54:39,110] {processor.py:163} INFO - Started process (PID=308) to work on /opt/airflow/dags/data_ingestion_gcs_dag.py
[2022-03-21 21:54:39,115] {processor.py:642} INFO - Processing file /opt/airflow/dags/data_ingestion_gcs_dag.py for tasks to queue
[2022-03-21 21:54:39,116] {logging_mixin.py:109} INFO - [2022-03-21 21:54:39,115] {dagbag.py:500} INFO - Filling up the DagBag from /opt/airflow/dags/data_ingestion_gcs_dag.py
[2022-03-21 21:54:40,062] {processor.py:654} INFO - DAG(s) dict_keys(['data_ingestion_gcs_dag']) retrieved from /opt/airflow/dags/data_ingestion_gcs_dag.py
[2022-03-21 21:54:40,074] {logging_mixin.py:109} INFO - [2022-03-21 21:54:40,074] {dag.py:2396} INFO - Sync 1 DAGs
[2022-03-21 21:54:40,098] {processor.py:171} INFO - Processing /opt/airflow/dags/data_ingestion_gcs_dag.py took 0.993 seconds
[2022-03-21 21:55:10,230] {processor.py:163} INFO - Started process (PID=334) to work on /opt/airflow/dags/data_ingestion_gcs_dag.py
[2022-03-21 21:55:10,231] {processor.py:642} INFO - Processing file /opt/airflow/dags/data_ingestion_gcs_dag.py for tasks to queue
[2022-03-21 21:55:10,232] {logging_mixin.py:109} INFO - [2022-03-21 21:55:10,232] {dagbag.py:500} INFO - Filling up the DagBag from /opt/airflow/dags/data_ingestion_gcs_dag.py
[2022-03-21 21:55:11,098] {processor.py:654} INFO - DAG(s) dict_keys(['data_ingestion_gcs_dag']) retrieved from /opt/airflow/dags/data_ingestion_gcs_dag.py
[2022-03-21 21:55:11,108] {logging_mixin.py:109} INFO - [2022-03-21 21:55:11,107] {dag.py:2396} INFO - Sync 1 DAGs
[2022-03-21 21:55:11,134] {processor.py:171} INFO - Processing /opt/airflow/dags/data_ingestion_gcs_dag.py took 0.909 seconds
[2022-03-21 21:55:41,241] {processor.py:163} INFO - Started process (PID=368) to work on /opt/airflow/dags/data_ingestion_gcs_dag.py
[2022-03-21 21:55:41,243] {processor.py:642} INFO - Processing file /opt/airflow/dags/data_ingestion_gcs_dag.py for tasks to queue
[2022-03-21 21:55:41,244] {logging_mixin.py:109} INFO - [2022-03-21 21:55:41,244] {dagbag.py:500} INFO - Filling up the DagBag from /opt/airflow/dags/data_ingestion_gcs_dag.py
[2022-03-21 21:55:42,159] {processor.py:654} INFO - DAG(s) dict_keys(['data_ingestion_gcs_dag']) retrieved from /opt/airflow/dags/data_ingestion_gcs_dag.py
[2022-03-21 21:55:42,169] {logging_mixin.py:109} INFO - [2022-03-21 21:55:42,168] {dag.py:2396} INFO - Sync 1 DAGs
[2022-03-21 21:55:42,195] {processor.py:171} INFO - Processing /opt/airflow/dags/data_ingestion_gcs_dag.py took 0.959 seconds
[2022-03-21 21:56:12,300] {processor.py:163} INFO - Started process (PID=393) to work on /opt/airflow/dags/data_ingestion_gcs_dag.py
[2022-03-21 21:56:12,301] {processor.py:642} INFO - Processing file /opt/airflow/dags/data_ingestion_gcs_dag.py for tasks to queue
[2022-03-21 21:56:12,302] {logging_mixin.py:109} INFO - [2022-03-21 21:56:12,302] {dagbag.py:500} INFO - Filling up the DagBag from /opt/airflow/dags/data_ingestion_gcs_dag.py
[2022-03-21 21:56:13,192] {processor.py:654} INFO - DAG(s) dict_keys(['data_ingestion_gcs_dag']) retrieved from /opt/airflow/dags/data_ingestion_gcs_dag.py
[2022-03-21 21:56:13,201] {logging_mixin.py:109} INFO - [2022-03-21 21:56:13,201] {dag.py:2396} INFO - Sync 1 DAGs
[2022-03-21 21:56:13,227] {processor.py:171} INFO - Processing /opt/airflow/dags/data_ingestion_gcs_dag.py took 0.932 seconds
[2022-03-21 21:56:43,327] {processor.py:163} INFO - Started process (PID=426) to work on /opt/airflow/dags/data_ingestion_gcs_dag.py
[2022-03-21 21:56:43,329] {processor.py:642} INFO - Processing file /opt/airflow/dags/data_ingestion_gcs_dag.py for tasks to queue
[2022-03-21 21:56:43,330] {logging_mixin.py:109} INFO - [2022-03-21 21:56:43,330] {dagbag.py:500} INFO - Filling up the DagBag from /opt/airflow/dags/data_ingestion_gcs_dag.py
[2022-03-21 21:56:44,205] {processor.py:654} INFO - DAG(s) dict_keys(['data_ingestion_gcs_dag']) retrieved from /opt/airflow/dags/data_ingestion_gcs_dag.py
[2022-03-21 21:56:44,214] {logging_mixin.py:109} INFO - [2022-03-21 21:56:44,214] {dag.py:2396} INFO - Sync 1 DAGs
[2022-03-21 21:56:44,238] {processor.py:171} INFO - Processing /opt/airflow/dags/data_ingestion_gcs_dag.py took 0.916 seconds
[2022-03-21 21:57:14,332] {processor.py:163} INFO - Started process (PID=451) to work on /opt/airflow/dags/data_ingestion_gcs_dag.py
[2022-03-21 21:57:14,333] {processor.py:642} INFO - Processing file /opt/airflow/dags/data_ingestion_gcs_dag.py for tasks to queue
[2022-03-21 21:57:14,334] {logging_mixin.py:109} INFO - [2022-03-21 21:57:14,334] {dagbag.py:500} INFO - Filling up the DagBag from /opt/airflow/dags/data_ingestion_gcs_dag.py
[2022-03-21 21:57:15,223] {processor.py:654} INFO - DAG(s) dict_keys(['data_ingestion_gcs_dag']) retrieved from /opt/airflow/dags/data_ingestion_gcs_dag.py
[2022-03-21 21:57:15,237] {logging_mixin.py:109} INFO - [2022-03-21 21:57:15,236] {dag.py:2396} INFO - Sync 1 DAGs
[2022-03-21 21:57:15,270] {processor.py:171} INFO - Processing /opt/airflow/dags/data_ingestion_gcs_dag.py took 0.943 seconds
[2022-03-21 21:57:45,371] {processor.py:163} INFO - Started process (PID=486) to work on /opt/airflow/dags/data_ingestion_gcs_dag.py
[2022-03-21 21:57:45,373] {processor.py:642} INFO - Processing file /opt/airflow/dags/data_ingestion_gcs_dag.py for tasks to queue
[2022-03-21 21:57:45,374] {logging_mixin.py:109} INFO - [2022-03-21 21:57:45,374] {dagbag.py:500} INFO - Filling up the DagBag from /opt/airflow/dags/data_ingestion_gcs_dag.py
[2022-03-21 21:57:46,253] {processor.py:654} INFO - DAG(s) dict_keys(['data_ingestion_gcs_dag']) retrieved from /opt/airflow/dags/data_ingestion_gcs_dag.py
[2022-03-21 21:57:46,264] {logging_mixin.py:109} INFO - [2022-03-21 21:57:46,263] {dag.py:2396} INFO - Sync 1 DAGs
[2022-03-21 21:57:46,289] {processor.py:171} INFO - Processing /opt/airflow/dags/data_ingestion_gcs_dag.py took 0.923 seconds
[2022-03-21 21:58:16,374] {processor.py:163} INFO - Started process (PID=511) to work on /opt/airflow/dags/data_ingestion_gcs_dag.py
[2022-03-21 21:58:16,376] {processor.py:642} INFO - Processing file /opt/airflow/dags/data_ingestion_gcs_dag.py for tasks to queue
[2022-03-21 21:58:16,376] {logging_mixin.py:109} INFO - [2022-03-21 21:58:16,376] {dagbag.py:500} INFO - Filling up the DagBag from /opt/airflow/dags/data_ingestion_gcs_dag.py
[2022-03-21 21:58:17,229] {processor.py:654} INFO - DAG(s) dict_keys(['data_ingestion_gcs_dag']) retrieved from /opt/airflow/dags/data_ingestion_gcs_dag.py
[2022-03-21 21:58:17,238] {logging_mixin.py:109} INFO - [2022-03-21 21:58:17,238] {dag.py:2396} INFO - Sync 1 DAGs
[2022-03-21 21:58:17,263] {processor.py:171} INFO - Processing /opt/airflow/dags/data_ingestion_gcs_dag.py took 0.893 seconds
[2022-03-21 21:58:47,351] {processor.py:163} INFO - Started process (PID=535) to work on /opt/airflow/dags/data_ingestion_gcs_dag.py
[2022-03-21 21:58:47,354] {processor.py:642} INFO - Processing file /opt/airflow/dags/data_ingestion_gcs_dag.py for tasks to queue
[2022-03-21 21:58:47,355] {logging_mixin.py:109} INFO - [2022-03-21 21:58:47,355] {dagbag.py:500} INFO - Filling up the DagBag from /opt/airflow/dags/data_ingestion_gcs_dag.py
[2022-03-21 21:58:48,631] {processor.py:654} INFO - DAG(s) dict_keys(['data_ingestion_gcs_dag']) retrieved from /opt/airflow/dags/data_ingestion_gcs_dag.py
[2022-03-21 21:58:48,645] {logging_mixin.py:109} INFO - [2022-03-21 21:58:48,644] {dag.py:2396} INFO - Sync 1 DAGs
[2022-03-21 21:58:48,683] {processor.py:171} INFO - Processing /opt/airflow/dags/data_ingestion_gcs_dag.py took 1.337 seconds
[2022-03-21 21:59:18,777] {processor.py:163} INFO - Started process (PID=571) to work on /opt/airflow/dags/data_ingestion_gcs_dag.py
[2022-03-21 21:59:18,779] {processor.py:642} INFO - Processing file /opt/airflow/dags/data_ingestion_gcs_dag.py for tasks to queue
[2022-03-21 21:59:18,780] {logging_mixin.py:109} INFO - [2022-03-21 21:59:18,780] {dagbag.py:500} INFO - Filling up the DagBag from /opt/airflow/dags/data_ingestion_gcs_dag.py
[2022-03-21 21:59:19,643] {processor.py:654} INFO - DAG(s) dict_keys(['data_ingestion_gcs_dag']) retrieved from /opt/airflow/dags/data_ingestion_gcs_dag.py
[2022-03-21 21:59:19,653] {logging_mixin.py:109} INFO - [2022-03-21 21:59:19,653] {dag.py:2396} INFO - Sync 1 DAGs
[2022-03-21 21:59:19,684] {processor.py:171} INFO - Processing /opt/airflow/dags/data_ingestion_gcs_dag.py took 0.912 seconds
[2022-03-21 21:59:49,786] {processor.py:163} INFO - Started process (PID=596) to work on /opt/airflow/dags/data_ingestion_gcs_dag.py
[2022-03-21 21:59:49,790] {processor.py:642} INFO - Processing file /opt/airflow/dags/data_ingestion_gcs_dag.py for tasks to queue
[2022-03-21 21:59:49,791] {logging_mixin.py:109} INFO - [2022-03-21 21:59:49,791] {dagbag.py:500} INFO - Filling up the DagBag from /opt/airflow/dags/data_ingestion_gcs_dag.py
[2022-03-21 21:59:50,795] {processor.py:654} INFO - DAG(s) dict_keys(['data_ingestion_gcs_dag']) retrieved from /opt/airflow/dags/data_ingestion_gcs_dag.py
[2022-03-21 21:59:50,808] {logging_mixin.py:109} INFO - [2022-03-21 21:59:50,808] {dag.py:2396} INFO - Sync 1 DAGs
[2022-03-21 21:59:50,843] {processor.py:171} INFO - Processing /opt/airflow/dags/data_ingestion_gcs_dag.py took 1.061 seconds
[2022-03-21 22:00:20,895] {processor.py:163} INFO - Started process (PID=630) to work on /opt/airflow/dags/data_ingestion_gcs_dag.py
[2022-03-21 22:00:20,896] {processor.py:642} INFO - Processing file /opt/airflow/dags/data_ingestion_gcs_dag.py for tasks to queue
[2022-03-21 22:00:20,897] {logging_mixin.py:109} INFO - [2022-03-21 22:00:20,897] {dagbag.py:500} INFO - Filling up the DagBag from /opt/airflow/dags/data_ingestion_gcs_dag.py
[2022-03-21 22:00:21,827] {processor.py:654} INFO - DAG(s) dict_keys(['data_ingestion_gcs_dag']) retrieved from /opt/airflow/dags/data_ingestion_gcs_dag.py
[2022-03-21 22:00:21,838] {logging_mixin.py:109} INFO - [2022-03-21 22:00:21,837] {dag.py:2396} INFO - Sync 1 DAGs
[2022-03-21 22:00:21,863] {processor.py:171} INFO - Processing /opt/airflow/dags/data_ingestion_gcs_dag.py took 0.973 seconds
[2022-03-21 22:00:52,004] {processor.py:163} INFO - Started process (PID=655) to work on /opt/airflow/dags/data_ingestion_gcs_dag.py
[2022-03-21 22:00:52,008] {processor.py:642} INFO - Processing file /opt/airflow/dags/data_ingestion_gcs_dag.py for tasks to queue
[2022-03-21 22:00:52,009] {logging_mixin.py:109} INFO - [2022-03-21 22:00:52,009] {dagbag.py:500} INFO - Filling up the DagBag from /opt/airflow/dags/data_ingestion_gcs_dag.py
[2022-03-21 22:00:52,919] {processor.py:654} INFO - DAG(s) dict_keys(['data_ingestion_gcs_dag']) retrieved from /opt/airflow/dags/data_ingestion_gcs_dag.py
[2022-03-21 22:00:52,933] {logging_mixin.py:109} INFO - [2022-03-21 22:00:52,933] {dag.py:2396} INFO - Sync 1 DAGs
[2022-03-21 22:00:52,964] {processor.py:171} INFO - Processing /opt/airflow/dags/data_ingestion_gcs_dag.py took 0.965 seconds
[2022-03-21 22:01:23,108] {processor.py:163} INFO - Started process (PID=690) to work on /opt/airflow/dags/data_ingestion_gcs_dag.py
[2022-03-21 22:01:23,110] {processor.py:642} INFO - Processing file /opt/airflow/dags/data_ingestion_gcs_dag.py for tasks to queue
[2022-03-21 22:01:23,111] {logging_mixin.py:109} INFO - [2022-03-21 22:01:23,111] {dagbag.py:500} INFO - Filling up the DagBag from /opt/airflow/dags/data_ingestion_gcs_dag.py
[2022-03-21 22:01:24,004] {processor.py:654} INFO - DAG(s) dict_keys(['data_ingestion_gcs_dag']) retrieved from /opt/airflow/dags/data_ingestion_gcs_dag.py
[2022-03-21 22:01:24,013] {logging_mixin.py:109} INFO - [2022-03-21 22:01:24,013] {dag.py:2396} INFO - Sync 1 DAGs
[2022-03-21 22:01:24,040] {processor.py:171} INFO - Processing /opt/airflow/dags/data_ingestion_gcs_dag.py took 0.938 seconds
[2022-03-21 22:01:54,152] {processor.py:163} INFO - Started process (PID=714) to work on /opt/airflow/dags/data_ingestion_gcs_dag.py
[2022-03-21 22:01:54,157] {processor.py:642} INFO - Processing file /opt/airflow/dags/data_ingestion_gcs_dag.py for tasks to queue
[2022-03-21 22:01:54,158] {logging_mixin.py:109} INFO - [2022-03-21 22:01:54,158] {dagbag.py:500} INFO - Filling up the DagBag from /opt/airflow/dags/data_ingestion_gcs_dag.py
[2022-03-21 22:01:55,085] {processor.py:654} INFO - DAG(s) dict_keys(['data_ingestion_gcs_dag']) retrieved from /opt/airflow/dags/data_ingestion_gcs_dag.py
[2022-03-21 22:01:55,095] {logging_mixin.py:109} INFO - [2022-03-21 22:01:55,095] {dag.py:2396} INFO - Sync 1 DAGs
[2022-03-21 22:01:55,123] {processor.py:171} INFO - Processing /opt/airflow/dags/data_ingestion_gcs_dag.py took 0.976 seconds
[2022-03-21 22:02:25,231] {processor.py:163} INFO - Started process (PID=749) to work on /opt/airflow/dags/data_ingestion_gcs_dag.py
[2022-03-21 22:02:25,233] {processor.py:642} INFO - Processing file /opt/airflow/dags/data_ingestion_gcs_dag.py for tasks to queue
[2022-03-21 22:02:25,234] {logging_mixin.py:109} INFO - [2022-03-21 22:02:25,234] {dagbag.py:500} INFO - Filling up the DagBag from /opt/airflow/dags/data_ingestion_gcs_dag.py
[2022-03-21 22:02:26,119] {processor.py:654} INFO - DAG(s) dict_keys(['data_ingestion_gcs_dag']) retrieved from /opt/airflow/dags/data_ingestion_gcs_dag.py
[2022-03-21 22:02:26,131] {logging_mixin.py:109} INFO - [2022-03-21 22:02:26,131] {dag.py:2396} INFO - Sync 1 DAGs
[2022-03-21 22:02:26,165] {processor.py:171} INFO - Processing /opt/airflow/dags/data_ingestion_gcs_dag.py took 0.939 seconds
[2022-03-21 22:02:56,272] {processor.py:163} INFO - Started process (PID=774) to work on /opt/airflow/dags/data_ingestion_gcs_dag.py
[2022-03-21 22:02:56,276] {processor.py:642} INFO - Processing file /opt/airflow/dags/data_ingestion_gcs_dag.py for tasks to queue
[2022-03-21 22:02:56,277] {logging_mixin.py:109} INFO - [2022-03-21 22:02:56,277] {dagbag.py:500} INFO - Filling up the DagBag from /opt/airflow/dags/data_ingestion_gcs_dag.py
[2022-03-21 22:02:57,328] {processor.py:654} INFO - DAG(s) dict_keys(['data_ingestion_gcs_dag']) retrieved from /opt/airflow/dags/data_ingestion_gcs_dag.py
[2022-03-21 22:02:57,338] {logging_mixin.py:109} INFO - [2022-03-21 22:02:57,338] {dag.py:2396} INFO - Sync 1 DAGs
[2022-03-21 22:02:57,365] {processor.py:171} INFO - Processing /opt/airflow/dags/data_ingestion_gcs_dag.py took 1.098 seconds
[2022-03-21 22:03:27,477] {processor.py:163} INFO - Started process (PID=808) to work on /opt/airflow/dags/data_ingestion_gcs_dag.py
[2022-03-21 22:03:27,478] {processor.py:642} INFO - Processing file /opt/airflow/dags/data_ingestion_gcs_dag.py for tasks to queue
[2022-03-21 22:03:27,479] {logging_mixin.py:109} INFO - [2022-03-21 22:03:27,479] {dagbag.py:500} INFO - Filling up the DagBag from /opt/airflow/dags/data_ingestion_gcs_dag.py
[2022-03-21 22:03:28,365] {processor.py:654} INFO - DAG(s) dict_keys(['data_ingestion_gcs_dag']) retrieved from /opt/airflow/dags/data_ingestion_gcs_dag.py
[2022-03-21 22:03:28,374] {logging_mixin.py:109} INFO - [2022-03-21 22:03:28,374] {dag.py:2396} INFO - Sync 1 DAGs
[2022-03-21 22:03:28,401] {processor.py:171} INFO - Processing /opt/airflow/dags/data_ingestion_gcs_dag.py took 0.929 seconds
[2022-03-21 22:03:58,515] {processor.py:163} INFO - Started process (PID=835) to work on /opt/airflow/dags/data_ingestion_gcs_dag.py
[2022-03-21 22:03:58,518] {processor.py:642} INFO - Processing file /opt/airflow/dags/data_ingestion_gcs_dag.py for tasks to queue
[2022-03-21 22:03:58,519] {logging_mixin.py:109} INFO - [2022-03-21 22:03:58,518] {dagbag.py:500} INFO - Filling up the DagBag from /opt/airflow/dags/data_ingestion_gcs_dag.py
[2022-03-21 22:03:59,373] {processor.py:654} INFO - DAG(s) dict_keys(['data_ingestion_gcs_dag']) retrieved from /opt/airflow/dags/data_ingestion_gcs_dag.py
[2022-03-21 22:03:59,383] {logging_mixin.py:109} INFO - [2022-03-21 22:03:59,383] {dag.py:2396} INFO - Sync 1 DAGs
[2022-03-21 22:03:59,400] {logging_mixin.py:109} INFO - [2022-03-21 22:03:59,400] {dag.py:2935} INFO - Setting next_dagrun for data_ingestion_gcs_dag to 2022-03-21T00:00:00+00:00
[2022-03-21 22:03:59,410] {processor.py:171} INFO - Processing /opt/airflow/dags/data_ingestion_gcs_dag.py took 0.900 seconds
[2022-03-21 22:04:29,514] {processor.py:163} INFO - Started process (PID=871) to work on /opt/airflow/dags/data_ingestion_gcs_dag.py
[2022-03-21 22:04:29,516] {processor.py:642} INFO - Processing file /opt/airflow/dags/data_ingestion_gcs_dag.py for tasks to queue
[2022-03-21 22:04:29,517] {logging_mixin.py:109} INFO - [2022-03-21 22:04:29,517] {dagbag.py:500} INFO - Filling up the DagBag from /opt/airflow/dags/data_ingestion_gcs_dag.py
[2022-03-21 22:04:30,566] {processor.py:654} INFO - DAG(s) dict_keys(['data_ingestion_gcs_dag']) retrieved from /opt/airflow/dags/data_ingestion_gcs_dag.py
[2022-03-21 22:04:30,576] {logging_mixin.py:109} INFO - [2022-03-21 22:04:30,576] {dag.py:2396} INFO - Sync 1 DAGs
[2022-03-21 22:04:30,595] {logging_mixin.py:109} INFO - [2022-03-21 22:04:30,595] {dag.py:2935} INFO - Setting next_dagrun for data_ingestion_gcs_dag to 2022-03-21T00:00:00+00:00
[2022-03-21 22:04:30,605] {processor.py:171} INFO - Processing /opt/airflow/dags/data_ingestion_gcs_dag.py took 1.097 seconds
[2022-03-21 22:05:00,687] {processor.py:163} INFO - Started process (PID=898) to work on /opt/airflow/dags/data_ingestion_gcs_dag.py
[2022-03-21 22:05:00,689] {processor.py:642} INFO - Processing file /opt/airflow/dags/data_ingestion_gcs_dag.py for tasks to queue
[2022-03-21 22:05:00,690] {logging_mixin.py:109} INFO - [2022-03-21 22:05:00,690] {dagbag.py:500} INFO - Filling up the DagBag from /opt/airflow/dags/data_ingestion_gcs_dag.py
[2022-03-21 22:05:01,535] {processor.py:654} INFO - DAG(s) dict_keys(['data_ingestion_gcs_dag']) retrieved from /opt/airflow/dags/data_ingestion_gcs_dag.py
[2022-03-21 22:05:01,544] {logging_mixin.py:109} INFO - [2022-03-21 22:05:01,544] {dag.py:2396} INFO - Sync 1 DAGs
[2022-03-21 22:05:01,564] {logging_mixin.py:109} INFO - [2022-03-21 22:05:01,564] {dag.py:2935} INFO - Setting next_dagrun for data_ingestion_gcs_dag to 2022-03-21T00:00:00+00:00
[2022-03-21 22:05:01,574] {processor.py:171} INFO - Processing /opt/airflow/dags/data_ingestion_gcs_dag.py took 0.893 seconds
[2022-03-21 22:05:31,682] {processor.py:163} INFO - Started process (PID=932) to work on /opt/airflow/dags/data_ingestion_gcs_dag.py
[2022-03-21 22:05:31,683] {processor.py:642} INFO - Processing file /opt/airflow/dags/data_ingestion_gcs_dag.py for tasks to queue
[2022-03-21 22:05:31,684] {logging_mixin.py:109} INFO - [2022-03-21 22:05:31,684] {dagbag.py:500} INFO - Filling up the DagBag from /opt/airflow/dags/data_ingestion_gcs_dag.py
[2022-03-21 22:05:32,620] {processor.py:654} INFO - DAG(s) dict_keys(['data_ingestion_gcs_dag']) retrieved from /opt/airflow/dags/data_ingestion_gcs_dag.py
[2022-03-21 22:05:32,630] {logging_mixin.py:109} INFO - [2022-03-21 22:05:32,630] {dag.py:2396} INFO - Sync 1 DAGs
[2022-03-21 22:05:32,650] {logging_mixin.py:109} INFO - [2022-03-21 22:05:32,649] {dag.py:2935} INFO - Setting next_dagrun for data_ingestion_gcs_dag to 2022-03-21T00:00:00+00:00
[2022-03-21 22:05:32,661] {processor.py:171} INFO - Processing /opt/airflow/dags/data_ingestion_gcs_dag.py took 0.984 seconds
[2022-03-21 22:06:02,788] {processor.py:163} INFO - Started process (PID=957) to work on /opt/airflow/dags/data_ingestion_gcs_dag.py
[2022-03-21 22:06:02,790] {processor.py:642} INFO - Processing file /opt/airflow/dags/data_ingestion_gcs_dag.py for tasks to queue
[2022-03-21 22:06:02,791] {logging_mixin.py:109} INFO - [2022-03-21 22:06:02,791] {dagbag.py:500} INFO - Filling up the DagBag from /opt/airflow/dags/data_ingestion_gcs_dag.py
[2022-03-21 22:06:03,653] {processor.py:654} INFO - DAG(s) dict_keys(['data_ingestion_gcs_dag']) retrieved from /opt/airflow/dags/data_ingestion_gcs_dag.py
[2022-03-21 22:06:03,664] {logging_mixin.py:109} INFO - [2022-03-21 22:06:03,663] {dag.py:2396} INFO - Sync 1 DAGs
[2022-03-21 22:06:03,684] {logging_mixin.py:109} INFO - [2022-03-21 22:06:03,683] {dag.py:2935} INFO - Setting next_dagrun for data_ingestion_gcs_dag to 2022-03-21T00:00:00+00:00
[2022-03-21 22:06:03,695] {processor.py:171} INFO - Processing /opt/airflow/dags/data_ingestion_gcs_dag.py took 0.911 seconds
[2022-03-21 22:06:33,798] {processor.py:163} INFO - Started process (PID=992) to work on /opt/airflow/dags/data_ingestion_gcs_dag.py
[2022-03-21 22:06:33,799] {processor.py:642} INFO - Processing file /opt/airflow/dags/data_ingestion_gcs_dag.py for tasks to queue
[2022-03-21 22:06:33,800] {logging_mixin.py:109} INFO - [2022-03-21 22:06:33,800] {dagbag.py:500} INFO - Filling up the DagBag from /opt/airflow/dags/data_ingestion_gcs_dag.py
[2022-03-21 22:06:34,758] {processor.py:654} INFO - DAG(s) dict_keys(['data_ingestion_gcs_dag']) retrieved from /opt/airflow/dags/data_ingestion_gcs_dag.py
[2022-03-21 22:06:34,769] {logging_mixin.py:109} INFO - [2022-03-21 22:06:34,768] {dag.py:2396} INFO - Sync 1 DAGs
[2022-03-21 22:06:34,796] {processor.py:171} INFO - Processing /opt/airflow/dags/data_ingestion_gcs_dag.py took 1.004 seconds
[2022-03-21 22:07:04,928] {processor.py:163} INFO - Started process (PID=1020) to work on /opt/airflow/dags/data_ingestion_gcs_dag.py
[2022-03-21 22:07:04,932] {processor.py:642} INFO - Processing file /opt/airflow/dags/data_ingestion_gcs_dag.py for tasks to queue
[2022-03-21 22:07:04,933] {logging_mixin.py:109} INFO - [2022-03-21 22:07:04,933] {dagbag.py:500} INFO - Filling up the DagBag from /opt/airflow/dags/data_ingestion_gcs_dag.py
[2022-03-21 22:07:05,883] {processor.py:654} INFO - DAG(s) dict_keys(['data_ingestion_gcs_dag']) retrieved from /opt/airflow/dags/data_ingestion_gcs_dag.py
[2022-03-21 22:07:05,893] {logging_mixin.py:109} INFO - [2022-03-21 22:07:05,892] {dag.py:2396} INFO - Sync 1 DAGs
[2022-03-21 22:07:05,920] {processor.py:171} INFO - Processing /opt/airflow/dags/data_ingestion_gcs_dag.py took 0.996 seconds
[2022-03-21 22:07:36,046] {processor.py:163} INFO - Started process (PID=1055) to work on /opt/airflow/dags/data_ingestion_gcs_dag.py
[2022-03-21 22:07:36,051] {processor.py:642} INFO - Processing file /opt/airflow/dags/data_ingestion_gcs_dag.py for tasks to queue
[2022-03-21 22:07:36,052] {logging_mixin.py:109} INFO - [2022-03-21 22:07:36,052] {dagbag.py:500} INFO - Filling up the DagBag from /opt/airflow/dags/data_ingestion_gcs_dag.py
[2022-03-21 22:07:36,954] {processor.py:654} INFO - DAG(s) dict_keys(['data_ingestion_gcs_dag']) retrieved from /opt/airflow/dags/data_ingestion_gcs_dag.py
[2022-03-21 22:07:36,964] {logging_mixin.py:109} INFO - [2022-03-21 22:07:36,964] {dag.py:2396} INFO - Sync 1 DAGs
[2022-03-21 22:07:36,993] {processor.py:171} INFO - Processing /opt/airflow/dags/data_ingestion_gcs_dag.py took 0.952 seconds
[2022-03-21 22:08:07,129] {processor.py:163} INFO - Started process (PID=1081) to work on /opt/airflow/dags/data_ingestion_gcs_dag.py
[2022-03-21 22:08:07,130] {processor.py:642} INFO - Processing file /opt/airflow/dags/data_ingestion_gcs_dag.py for tasks to queue
[2022-03-21 22:08:07,131] {logging_mixin.py:109} INFO - [2022-03-21 22:08:07,131] {dagbag.py:500} INFO - Filling up the DagBag from /opt/airflow/dags/data_ingestion_gcs_dag.py
[2022-03-21 22:08:07,990] {processor.py:654} INFO - DAG(s) dict_keys(['data_ingestion_gcs_dag']) retrieved from /opt/airflow/dags/data_ingestion_gcs_dag.py
[2022-03-21 22:08:08,000] {logging_mixin.py:109} INFO - [2022-03-21 22:08:08,000] {dag.py:2396} INFO - Sync 1 DAGs
[2022-03-21 22:08:08,028] {processor.py:171} INFO - Processing /opt/airflow/dags/data_ingestion_gcs_dag.py took 0.904 seconds
[2022-03-21 22:08:38,135] {processor.py:163} INFO - Started process (PID=1113) to work on /opt/airflow/dags/data_ingestion_gcs_dag.py
[2022-03-21 22:08:38,137] {processor.py:642} INFO - Processing file /opt/airflow/dags/data_ingestion_gcs_dag.py for tasks to queue
[2022-03-21 22:08:38,138] {logging_mixin.py:109} INFO - [2022-03-21 22:08:38,138] {dagbag.py:500} INFO - Filling up the DagBag from /opt/airflow/dags/data_ingestion_gcs_dag.py
[2022-03-21 22:08:39,313] {processor.py:654} INFO - DAG(s) dict_keys(['data_ingestion_gcs_dag']) retrieved from /opt/airflow/dags/data_ingestion_gcs_dag.py
[2022-03-21 22:08:39,330] {logging_mixin.py:109} INFO - [2022-03-21 22:08:39,329] {dag.py:2396} INFO - Sync 1 DAGs
[2022-03-21 22:08:39,364] {processor.py:171} INFO - Processing /opt/airflow/dags/data_ingestion_gcs_dag.py took 1.236 seconds
